<?xml version="1.0" encoding="UTF-8"?>
<testsuite xmlns:xsi="http://www.w3.org/2001/XMLSchema-instance" xsi:noNamespaceSchemaLocation="https://maven.apache.org/surefire/maven-surefire-plugin/xsd/surefire-test-report-3.0.xsd" version="3.0" name="TestSuite" time="9.795" tests="1" errors="0" skipped="0" failures="1">
  <properties>
    <property name="gopherProxySet" value="false"/>
    <property name="awt.toolkit" value="sun.lwawt.macosx.LWCToolkit"/>
    <property name="file.encoding.pkg" value="sun.io"/>
    <property name="java.specification.version" value="1.8"/>
    <property name="sun.cpu.isalist" value=""/>
    <property name="sun.jnu.encoding" value="UTF-8"/>
    <property name="java.class.path" value="/Volumes/Data/Personal/ELearning/Automation/TestAutomation/TestAutomation/target/test-classes:/Volumes/Data/Personal/ELearning/Automation/TestAutomation/TestAutomation/target/classes:/Users/prateek.sethi/.m2/repository/org/beanshell/bsh/2.0b4/bsh-2.0b4.jar:/Users/prateek.sethi/.m2/repository/commons-cli/commons-cli/1.0/commons-cli-1.0.jar:/Users/prateek.sethi/.m2/repository/commons-lang/commons-lang/1.0/commons-lang-1.0.jar:/Users/prateek.sethi/.m2/repository/com/jcraft/jsch/0.1.55/jsch-0.1.55.jar:/Users/prateek.sethi/.m2/repository/org/mongodb/bson/3.3.0/bson-3.3.0.jar:/Users/prateek.sethi/.m2/repository/com/squareup/okhttp3/okhttp/3.9.1/okhttp-3.9.1.jar:/Users/prateek.sethi/.m2/repository/com/squareup/okio/okio/1.13.0/okio-1.13.0.jar:/Users/prateek.sethi/.m2/repository/org/mongodb/mongodb-driver/3.3.0/mongodb-driver-3.3.0.jar:/Users/prateek.sethi/.m2/repository/org/mongodb/mongodb-driver-core/3.3.0/mongodb-driver-core-3.3.0.jar:/Users/prateek.sethi/.m2/repository/cglib/cglib-nodep/2.1_3/cglib-nodep-2.1_3.jar:/Users/prateek.sethi/.m2/repository/net/bytebuddy/byte-buddy/1.7.9/byte-buddy-1.7.9.jar:/Users/prateek.sethi/.m2/repository/com/sun/xml/bind/jaxb-impl/2.0.1/jaxb-impl-2.0.1.jar:/Users/prateek.sethi/.m2/repository/javax/xml/bind/jaxb-api/2.0/jaxb-api-2.0.jar:/Users/prateek.sethi/.m2/repository/javax/xml/bind/jsr173_api/1.0/jsr173_api-1.0.jar:/Users/prateek.sethi/.m2/repository/com/aventstack/extentreports/3.1.5/extentreports-3.1.5.jar:/Users/prateek.sethi/.m2/repository/org/freemarker/freemarker/2.3.23/freemarker-2.3.23.jar:/Users/prateek.sethi/.m2/repository/com/google/guava/guava/23.6-jre/guava-23.6-jre.jar:/Users/prateek.sethi/.m2/repository/org/checkerframework/checker-compat-qual/2.0.0/checker-compat-qual-2.0.0.jar:/Users/prateek.sethi/.m2/repository/com/google/errorprone/error_prone_annotations/2.1.3/error_prone_annotations-2.1.3.jar:/Users/prateek.sethi/.m2/repository/com/google/j2objc/j2objc-annotations/1.1/j2objc-annotations-1.1.jar:/Users/prateek.sethi/.m2/repository/org/codehaus/mojo/animal-sniffer-annotations/1.14/animal-sniffer-annotations-1.14.jar:/Users/prateek.sethi/.m2/repository/com/google/code/gson/gson/2.8.2/gson-2.8.2.jar:/Users/prateek.sethi/.m2/repository/org/glassfish/metro/webservices-api/2.4.4/webservices-api-2.4.4.jar:/Users/prateek.sethi/.m2/repository/javax/xml/webservices-extra-api/2.1-b16/webservices-extra-api-2.1-b16.jar:/Users/prateek.sethi/.m2/repository/org/glassfish/metro/webservices-extra/2.4.4/webservices-extra-2.4.4.jar:/Users/prateek.sethi/.m2/repository/com/sun/activation/jakarta.activation/1.2.2/jakarta.activation-1.2.2.jar:/Users/prateek.sethi/.m2/repository/org/glassfish/metro/webservices-rt/3.0.0-M2/webservices-rt-3.0.0-M2.jar:/Users/prateek.sethi/.m2/repository/org/glassfish/metro/webservices-tools/2.4.4/webservices-tools-2.4.4.jar:/Users/prateek.sethi/.m2/repository/org/glassfish/jaxb/jaxb-xjc/2.3.3/jaxb-xjc-2.3.3.jar:/Users/prateek.sethi/.m2/repository/org/glassfish/jaxb/jaxb-runtime/2.3.3/jaxb-runtime-2.3.3.jar:/Users/prateek.sethi/.m2/repository/jakarta/xml/bind/jakarta.xml.bind-api/2.3.3/jakarta.xml.bind-api-2.3.3.jar:/Users/prateek.sethi/.m2/repository/org/glassfish/jaxb/txw2/2.3.3/txw2-2.3.3.jar:/Users/prateek.sethi/.m2/repository/com/sun/istack/istack-commons-runtime/3.0.11/istack-commons-runtime-3.0.11.jar:/Users/prateek.sethi/.m2/repository/org/glassfish/jaxb/xsom/2.3.3/xsom-2.3.3.jar:/Users/prateek.sethi/.m2/repository/com/sun/xml/bind/external/relaxng-datatype/2.3.3-b02/relaxng-datatype-2.3.3-b02.jar:/Users/prateek.sethi/.m2/repository/org/glassfish/jaxb/codemodel/2.3.3/codemodel-2.3.3.jar:/Users/prateek.sethi/.m2/repository/com/sun/xml/bind/external/rngom/2.3.3/rngom-2.3.3.jar:/Users/prateek.sethi/.m2/repository/com/sun/xml/dtd-parser/dtd-parser/1.4.3/dtd-parser-1.4.3.jar:/Users/prateek.sethi/.m2/repository/com/sun/istack/istack-commons-tools/3.0.11/istack-commons-tools-3.0.11.jar:/Users/prateek.sethi/.m2/repository/org/glassfish/jaxb/jaxb-jxc/2.3.3/jaxb-jxc-2.3.3.jar:/Users/prateek.sethi/.m2/repository/wsdl4j/wsdl4j/1.6.2/wsdl4j-1.6.2.jar:/Users/prateek.sethi/.m2/repository/org/apache/xmlbeans/xmlbeans/2.3.0/xmlbeans-2.3.0.jar:/Users/prateek.sethi/.m2/repository/stax/stax-api/1.0.1/stax-api-1.0.1.jar:/Users/prateek.sethi/.m2/repository/xmlunit/xmlunit/1.2/xmlunit-1.2.jar:/Users/prateek.sethi/.m2/repository/org/apache/ws/commons/schema/XmlSchema/1.4.5/XmlSchema-1.4.5.jar:/Users/prateek.sethi/.m2/repository/org/testng/testng/6.11/testng-6.11.jar:/Users/prateek.sethi/.m2/repository/org/apache/commons/commons-lang3/3.11/commons-lang3-3.11.jar:/Users/prateek.sethi/.m2/repository/javax/mail/mail/1.4/mail-1.4.jar:/Users/prateek.sethi/.m2/repository/javax/activation/activation/1.1/activation-1.1.jar:/Users/prateek.sethi/.m2/repository/log4j/log4j/1.2.16/log4j-1.2.16.jar:/Users/prateek.sethi/.m2/repository/net/sourceforge/jexcelapi/jxl/2.6.12/jxl-2.6.12.jar:/Users/prateek.sethi/.m2/repository/mysql/mysql-connector-java/5.1.17/mysql-connector-java-5.1.17.jar:/Users/prateek.sethi/.m2/repository/org/json/json/20080701/json-20080701.jar:/Users/prateek.sethi/.m2/repository/com/google/code/findbugs/jsr305/1.3.9/jsr305-1.3.9.jar:/Users/prateek.sethi/.m2/repository/org/jsoup/jsoup/1.9.2/jsoup-1.9.2.jar:/Users/prateek.sethi/.m2/repository/commons-io/commons-io/2.0.1/commons-io-2.0.1.jar:/Users/prateek.sethi/.m2/repository/org/apache/commons/commons-exec/1.3/commons-exec-1.3.jar:/Users/prateek.sethi/.m2/repository/junit/junit/4.10/junit-4.10.jar:/Users/prateek.sethi/.m2/repository/org/hamcrest/hamcrest-core/1.1/hamcrest-core-1.1.jar:/Users/prateek.sethi/.m2/repository/commons-httpclient/commons-httpclient/3.1/commons-httpclient-3.1.jar:/Users/prateek.sethi/.m2/repository/org/apache/httpcomponents/httpclient/4.5.3/httpclient-4.5.3.jar:/Users/prateek.sethi/.m2/repository/org/apache/httpcomponents/httpmime/4.5.2/httpmime-4.5.2.jar:/Users/prateek.sethi/.m2/repository/org/apache/httpcomponents/httpcore/4.4.6/httpcore-4.4.6.jar:/Users/prateek.sethi/.m2/repository/dom4j/dom4j/1.6.1/dom4j-1.6.1.jar:/Users/prateek.sethi/.m2/repository/xml-apis/xml-apis/1.0.b2/xml-apis-1.0.b2.jar:/Users/prateek.sethi/.m2/repository/commons-codec/commons-codec/1.10/commons-codec-1.10.jar:/Users/prateek.sethi/.m2/repository/commons-logging/commons-logging/1.2/commons-logging-1.2.jar:/Users/prateek.sethi/.m2/repository/net/java/dev/jna/jna/3.3.0/jna-3.3.0.jar:/Users/prateek.sethi/.m2/repository/sshtools/j2ssh-common/0.2.9/j2ssh-common-0.2.9.jar:/Users/prateek.sethi/.m2/repository/sshtools/j2ssh-core/0.2.9/j2ssh-core-0.2.9.jar:/Users/prateek.sethi/.m2/repository/javax/mail/javax.mail-api/1.4.4/javax.mail-api-1.4.4.jar:/Users/prateek.sethi/.m2/repository/com/beust/jcommander/1.64/jcommander-1.64.jar:/Users/prateek.sethi/.m2/repository/org/apache/poi/poi/3.9/poi-3.9.jar:/Users/prateek.sethi/.m2/repository/org/apache/poi/poi-ooxml/3.9/poi-ooxml-3.9.jar:/Users/prateek.sethi/.m2/repository/com/fifesoft/rsyntaxtextarea/2.0.2/rsyntaxtextarea-2.0.2.jar:/Users/prateek.sethi/.m2/repository/org/yaml/snakeyaml/1.17/snakeyaml-1.17.jar:/Users/prateek.sethi/.m2/repository/org/apache/poi/poi-ooxml-schemas/3.9/poi-ooxml-schemas-3.9.jar:/Users/prateek.sethi/.m2/repository/org/seleniumhq/selenium/selenium-java/3.141.59/selenium-java-3.141.59.jar:/Users/prateek.sethi/.m2/repository/org/seleniumhq/selenium/selenium-api/3.141.59/selenium-api-3.141.59.jar:/Users/prateek.sethi/.m2/repository/org/seleniumhq/selenium/selenium-chrome-driver/3.141.59/selenium-chrome-driver-3.141.59.jar:/Users/prateek.sethi/.m2/repository/org/seleniumhq/selenium/selenium-edge-driver/3.141.59/selenium-edge-driver-3.141.59.jar:/Users/prateek.sethi/.m2/repository/org/seleniumhq/selenium/selenium-firefox-driver/3.141.59/selenium-firefox-driver-3.141.59.jar:/Users/prateek.sethi/.m2/repository/org/seleniumhq/selenium/selenium-ie-driver/3.141.59/selenium-ie-driver-3.141.59.jar:/Users/prateek.sethi/.m2/repository/org/seleniumhq/selenium/selenium-opera-driver/3.141.59/selenium-opera-driver-3.141.59.jar:/Users/prateek.sethi/.m2/repository/org/seleniumhq/selenium/selenium-remote-driver/3.141.59/selenium-remote-driver-3.141.59.jar:/Users/prateek.sethi/.m2/repository/org/seleniumhq/selenium/selenium-safari-driver/3.141.59/selenium-safari-driver-3.141.59.jar:/Users/prateek.sethi/.m2/repository/org/seleniumhq/selenium/selenium-support/3.141.59/selenium-support-3.141.59.jar:"/>
    <property name="java.vm.vendor" value="Oracle Corporation"/>
    <property name="sun.arch.data.model" value="64"/>
    <property name="java.vendor.url" value="http://java.oracle.com/"/>
    <property name="user.timezone" value="Asia/Kolkata"/>
    <property name="java.vm.specification.version" value="1.8"/>
    <property name="os.name" value="Mac OS X"/>
    <property name="user.country" value="IN"/>
    <property name="sun.java.launcher" value="SUN_STANDARD"/>
    <property name="sun.boot.library.path" value="/Library/Java/JavaVirtualMachines/jdk1.8.0_221.jdk/Contents/Home/jre/lib"/>
    <property name="sun.java.command" value="/Volumes/Data/Personal/ELearning/Automation/TestAutomation/TestAutomation/target/surefire/surefirebooter8834503533655525246.jar /Volumes/Data/Personal/ELearning/Automation/TestAutomation/TestAutomation/target/surefire 2020-09-24T11-31-50_780-jvmRun1 surefire8751938283561246730tmp surefire_06680023799441223091tmp"/>
    <property name="http.nonProxyHosts" value="local|*.local|169.254/16|*.169.254/16"/>
    <property name="surefire.test.class.path" value="/Volumes/Data/Personal/ELearning/Automation/TestAutomation/TestAutomation/target/test-classes:/Volumes/Data/Personal/ELearning/Automation/TestAutomation/TestAutomation/target/classes:/Users/prateek.sethi/.m2/repository/org/beanshell/bsh/2.0b4/bsh-2.0b4.jar:/Users/prateek.sethi/.m2/repository/commons-cli/commons-cli/1.0/commons-cli-1.0.jar:/Users/prateek.sethi/.m2/repository/commons-lang/commons-lang/1.0/commons-lang-1.0.jar:/Users/prateek.sethi/.m2/repository/com/jcraft/jsch/0.1.55/jsch-0.1.55.jar:/Users/prateek.sethi/.m2/repository/org/mongodb/bson/3.3.0/bson-3.3.0.jar:/Users/prateek.sethi/.m2/repository/com/squareup/okhttp3/okhttp/3.9.1/okhttp-3.9.1.jar:/Users/prateek.sethi/.m2/repository/com/squareup/okio/okio/1.13.0/okio-1.13.0.jar:/Users/prateek.sethi/.m2/repository/org/mongodb/mongodb-driver/3.3.0/mongodb-driver-3.3.0.jar:/Users/prateek.sethi/.m2/repository/org/mongodb/mongodb-driver-core/3.3.0/mongodb-driver-core-3.3.0.jar:/Users/prateek.sethi/.m2/repository/cglib/cglib-nodep/2.1_3/cglib-nodep-2.1_3.jar:/Users/prateek.sethi/.m2/repository/net/bytebuddy/byte-buddy/1.7.9/byte-buddy-1.7.9.jar:/Users/prateek.sethi/.m2/repository/com/sun/xml/bind/jaxb-impl/2.0.1/jaxb-impl-2.0.1.jar:/Users/prateek.sethi/.m2/repository/javax/xml/bind/jaxb-api/2.0/jaxb-api-2.0.jar:/Users/prateek.sethi/.m2/repository/javax/xml/bind/jsr173_api/1.0/jsr173_api-1.0.jar:/Users/prateek.sethi/.m2/repository/com/aventstack/extentreports/3.1.5/extentreports-3.1.5.jar:/Users/prateek.sethi/.m2/repository/org/freemarker/freemarker/2.3.23/freemarker-2.3.23.jar:/Users/prateek.sethi/.m2/repository/com/google/guava/guava/23.6-jre/guava-23.6-jre.jar:/Users/prateek.sethi/.m2/repository/org/checkerframework/checker-compat-qual/2.0.0/checker-compat-qual-2.0.0.jar:/Users/prateek.sethi/.m2/repository/com/google/errorprone/error_prone_annotations/2.1.3/error_prone_annotations-2.1.3.jar:/Users/prateek.sethi/.m2/repository/com/google/j2objc/j2objc-annotations/1.1/j2objc-annotations-1.1.jar:/Users/prateek.sethi/.m2/repository/org/codehaus/mojo/animal-sniffer-annotations/1.14/animal-sniffer-annotations-1.14.jar:/Users/prateek.sethi/.m2/repository/com/google/code/gson/gson/2.8.2/gson-2.8.2.jar:/Users/prateek.sethi/.m2/repository/org/glassfish/metro/webservices-api/2.4.4/webservices-api-2.4.4.jar:/Users/prateek.sethi/.m2/repository/javax/xml/webservices-extra-api/2.1-b16/webservices-extra-api-2.1-b16.jar:/Users/prateek.sethi/.m2/repository/org/glassfish/metro/webservices-extra/2.4.4/webservices-extra-2.4.4.jar:/Users/prateek.sethi/.m2/repository/com/sun/activation/jakarta.activation/1.2.2/jakarta.activation-1.2.2.jar:/Users/prateek.sethi/.m2/repository/org/glassfish/metro/webservices-rt/3.0.0-M2/webservices-rt-3.0.0-M2.jar:/Users/prateek.sethi/.m2/repository/org/glassfish/metro/webservices-tools/2.4.4/webservices-tools-2.4.4.jar:/Users/prateek.sethi/.m2/repository/org/glassfish/jaxb/jaxb-xjc/2.3.3/jaxb-xjc-2.3.3.jar:/Users/prateek.sethi/.m2/repository/org/glassfish/jaxb/jaxb-runtime/2.3.3/jaxb-runtime-2.3.3.jar:/Users/prateek.sethi/.m2/repository/jakarta/xml/bind/jakarta.xml.bind-api/2.3.3/jakarta.xml.bind-api-2.3.3.jar:/Users/prateek.sethi/.m2/repository/org/glassfish/jaxb/txw2/2.3.3/txw2-2.3.3.jar:/Users/prateek.sethi/.m2/repository/com/sun/istack/istack-commons-runtime/3.0.11/istack-commons-runtime-3.0.11.jar:/Users/prateek.sethi/.m2/repository/org/glassfish/jaxb/xsom/2.3.3/xsom-2.3.3.jar:/Users/prateek.sethi/.m2/repository/com/sun/xml/bind/external/relaxng-datatype/2.3.3-b02/relaxng-datatype-2.3.3-b02.jar:/Users/prateek.sethi/.m2/repository/org/glassfish/jaxb/codemodel/2.3.3/codemodel-2.3.3.jar:/Users/prateek.sethi/.m2/repository/com/sun/xml/bind/external/rngom/2.3.3/rngom-2.3.3.jar:/Users/prateek.sethi/.m2/repository/com/sun/xml/dtd-parser/dtd-parser/1.4.3/dtd-parser-1.4.3.jar:/Users/prateek.sethi/.m2/repository/com/sun/istack/istack-commons-tools/3.0.11/istack-commons-tools-3.0.11.jar:/Users/prateek.sethi/.m2/repository/org/glassfish/jaxb/jaxb-jxc/2.3.3/jaxb-jxc-2.3.3.jar:/Users/prateek.sethi/.m2/repository/wsdl4j/wsdl4j/1.6.2/wsdl4j-1.6.2.jar:/Users/prateek.sethi/.m2/repository/org/apache/xmlbeans/xmlbeans/2.3.0/xmlbeans-2.3.0.jar:/Users/prateek.sethi/.m2/repository/stax/stax-api/1.0.1/stax-api-1.0.1.jar:/Users/prateek.sethi/.m2/repository/xmlunit/xmlunit/1.2/xmlunit-1.2.jar:/Users/prateek.sethi/.m2/repository/org/apache/ws/commons/schema/XmlSchema/1.4.5/XmlSchema-1.4.5.jar:/Users/prateek.sethi/.m2/repository/org/testng/testng/6.11/testng-6.11.jar:/Users/prateek.sethi/.m2/repository/org/apache/commons/commons-lang3/3.11/commons-lang3-3.11.jar:/Users/prateek.sethi/.m2/repository/javax/mail/mail/1.4/mail-1.4.jar:/Users/prateek.sethi/.m2/repository/javax/activation/activation/1.1/activation-1.1.jar:/Users/prateek.sethi/.m2/repository/log4j/log4j/1.2.16/log4j-1.2.16.jar:/Users/prateek.sethi/.m2/repository/net/sourceforge/jexcelapi/jxl/2.6.12/jxl-2.6.12.jar:/Users/prateek.sethi/.m2/repository/mysql/mysql-connector-java/5.1.17/mysql-connector-java-5.1.17.jar:/Users/prateek.sethi/.m2/repository/org/json/json/20080701/json-20080701.jar:/Users/prateek.sethi/.m2/repository/com/google/code/findbugs/jsr305/1.3.9/jsr305-1.3.9.jar:/Users/prateek.sethi/.m2/repository/org/jsoup/jsoup/1.9.2/jsoup-1.9.2.jar:/Users/prateek.sethi/.m2/repository/commons-io/commons-io/2.0.1/commons-io-2.0.1.jar:/Users/prateek.sethi/.m2/repository/org/apache/commons/commons-exec/1.3/commons-exec-1.3.jar:/Users/prateek.sethi/.m2/repository/junit/junit/4.10/junit-4.10.jar:/Users/prateek.sethi/.m2/repository/org/hamcrest/hamcrest-core/1.1/hamcrest-core-1.1.jar:/Users/prateek.sethi/.m2/repository/commons-httpclient/commons-httpclient/3.1/commons-httpclient-3.1.jar:/Users/prateek.sethi/.m2/repository/org/apache/httpcomponents/httpclient/4.5.3/httpclient-4.5.3.jar:/Users/prateek.sethi/.m2/repository/org/apache/httpcomponents/httpmime/4.5.2/httpmime-4.5.2.jar:/Users/prateek.sethi/.m2/repository/org/apache/httpcomponents/httpcore/4.4.6/httpcore-4.4.6.jar:/Users/prateek.sethi/.m2/repository/dom4j/dom4j/1.6.1/dom4j-1.6.1.jar:/Users/prateek.sethi/.m2/repository/xml-apis/xml-apis/1.0.b2/xml-apis-1.0.b2.jar:/Users/prateek.sethi/.m2/repository/commons-codec/commons-codec/1.10/commons-codec-1.10.jar:/Users/prateek.sethi/.m2/repository/commons-logging/commons-logging/1.2/commons-logging-1.2.jar:/Users/prateek.sethi/.m2/repository/net/java/dev/jna/jna/3.3.0/jna-3.3.0.jar:/Users/prateek.sethi/.m2/repository/sshtools/j2ssh-common/0.2.9/j2ssh-common-0.2.9.jar:/Users/prateek.sethi/.m2/repository/sshtools/j2ssh-core/0.2.9/j2ssh-core-0.2.9.jar:/Users/prateek.sethi/.m2/repository/javax/mail/javax.mail-api/1.4.4/javax.mail-api-1.4.4.jar:/Users/prateek.sethi/.m2/repository/com/beust/jcommander/1.64/jcommander-1.64.jar:/Users/prateek.sethi/.m2/repository/org/apache/poi/poi/3.9/poi-3.9.jar:/Users/prateek.sethi/.m2/repository/org/apache/poi/poi-ooxml/3.9/poi-ooxml-3.9.jar:/Users/prateek.sethi/.m2/repository/com/fifesoft/rsyntaxtextarea/2.0.2/rsyntaxtextarea-2.0.2.jar:/Users/prateek.sethi/.m2/repository/org/yaml/snakeyaml/1.17/snakeyaml-1.17.jar:/Users/prateek.sethi/.m2/repository/org/apache/poi/poi-ooxml-schemas/3.9/poi-ooxml-schemas-3.9.jar:/Users/prateek.sethi/.m2/repository/org/seleniumhq/selenium/selenium-java/3.141.59/selenium-java-3.141.59.jar:/Users/prateek.sethi/.m2/repository/org/seleniumhq/selenium/selenium-api/3.141.59/selenium-api-3.141.59.jar:/Users/prateek.sethi/.m2/repository/org/seleniumhq/selenium/selenium-chrome-driver/3.141.59/selenium-chrome-driver-3.141.59.jar:/Users/prateek.sethi/.m2/repository/org/seleniumhq/selenium/selenium-edge-driver/3.141.59/selenium-edge-driver-3.141.59.jar:/Users/prateek.sethi/.m2/repository/org/seleniumhq/selenium/selenium-firefox-driver/3.141.59/selenium-firefox-driver-3.141.59.jar:/Users/prateek.sethi/.m2/repository/org/seleniumhq/selenium/selenium-ie-driver/3.141.59/selenium-ie-driver-3.141.59.jar:/Users/prateek.sethi/.m2/repository/org/seleniumhq/selenium/selenium-opera-driver/3.141.59/selenium-opera-driver-3.141.59.jar:/Users/prateek.sethi/.m2/repository/org/seleniumhq/selenium/selenium-remote-driver/3.141.59/selenium-remote-driver-3.141.59.jar:/Users/prateek.sethi/.m2/repository/org/seleniumhq/selenium/selenium-safari-driver/3.141.59/selenium-safari-driver-3.141.59.jar:/Users/prateek.sethi/.m2/repository/org/seleniumhq/selenium/selenium-support/3.141.59/selenium-support-3.141.59.jar:"/>
    <property name="sun.cpu.endian" value="little"/>
    <property name="user.home" value="/Users/prateek.sethi"/>
    <property name="user.language" value="en"/>
    <property name="java.specification.vendor" value="Oracle Corporation"/>
    <property name="java.home" value="/Library/Java/JavaVirtualMachines/jdk1.8.0_221.jdk/Contents/Home/jre"/>
    <property name="basedir" value="/Volumes/Data/Personal/ELearning/Automation/TestAutomation/TestAutomation"/>
    <property name="file.separator" value="/"/>
    <property name="line.separator" value="&#10;"/>
    <property name="java.vm.specification.vendor" value="Oracle Corporation"/>
    <property name="java.specification.name" value="Java Platform API Specification"/>
    <property name="java.awt.graphicsenv" value="sun.awt.CGraphicsEnvironment"/>
    <property name="surefire.real.class.path" value="/Volumes/Data/Personal/ELearning/Automation/TestAutomation/TestAutomation/target/surefire/surefirebooter8834503533655525246.jar"/>
    <property name="sun.boot.class.path" value="/Library/Java/JavaVirtualMachines/jdk1.8.0_221.jdk/Contents/Home/jre/lib/resources.jar:/Library/Java/JavaVirtualMachines/jdk1.8.0_221.jdk/Contents/Home/jre/lib/rt.jar:/Library/Java/JavaVirtualMachines/jdk1.8.0_221.jdk/Contents/Home/jre/lib/sunrsasign.jar:/Library/Java/JavaVirtualMachines/jdk1.8.0_221.jdk/Contents/Home/jre/lib/jsse.jar:/Library/Java/JavaVirtualMachines/jdk1.8.0_221.jdk/Contents/Home/jre/lib/jce.jar:/Library/Java/JavaVirtualMachines/jdk1.8.0_221.jdk/Contents/Home/jre/lib/charsets.jar:/Library/Java/JavaVirtualMachines/jdk1.8.0_221.jdk/Contents/Home/jre/lib/jfr.jar:/Library/Java/JavaVirtualMachines/jdk1.8.0_221.jdk/Contents/Home/jre/classes"/>
    <property name="sun.management.compiler" value="HotSpot 64-Bit Tiered Compilers"/>
    <property name="ftp.nonProxyHosts" value="local|*.local|169.254/16|*.169.254/16"/>
    <property name="java.runtime.version" value="1.8.0_221-b11"/>
    <property name="user.name" value="prateek.sethi"/>
    <property name="path.separator" value=":"/>
    <property name="os.version" value="10.15.5"/>
    <property name="java.endorsed.dirs" value="/Library/Java/JavaVirtualMachines/jdk1.8.0_221.jdk/Contents/Home/jre/lib/endorsed"/>
    <property name="java.runtime.name" value="Java(TM) SE Runtime Environment"/>
    <property name="file.encoding" value="UTF-8"/>
    <property name="java.vm.name" value="Java HotSpot(TM) 64-Bit Server VM"/>
    <property name="localRepository" value="/Users/prateek.sethi/.m2/repository"/>
    <property name="java.vendor.url.bug" value="http://bugreport.sun.com/bugreport/"/>
    <property name="java.io.tmpdir" value="/var/folders/s2/7zj8cn4j1vsghd3fp3qsxvnd48zy51/T/"/>
    <property name="java.version" value="1.8.0_221"/>
    <property name="user.dir" value="/Volumes/Data/Personal/ELearning/Automation/TestAutomation/TestAutomation"/>
    <property name="os.arch" value="x86_64"/>
    <property name="webdriver.gecko.driver" value="/Volumes/Data/Personal/ELearning/Automation/TestAutomation/TestAutomation/resources/geckodriver"/>
    <property name="java.vm.specification.name" value="Java Virtual Machine Specification"/>
    <property name="java.awt.printerjob" value="sun.lwawt.macosx.CPrinterJob"/>
    <property name="sun.os.patch.level" value="unknown"/>
    <property name="java.library.path" value="/Users/prateek.sethi/Library/Java/Extensions:/Library/Java/Extensions:/Network/Library/Java/Extensions:/System/Library/Java/Extensions:/usr/lib/java:."/>
    <property name="java.vm.info" value="mixed mode"/>
    <property name="java.vendor" value="Oracle Corporation"/>
    <property name="java.vm.version" value="25.221-b11"/>
    <property name="java.ext.dirs" value="/Users/prateek.sethi/Library/Java/Extensions:/Library/Java/JavaVirtualMachines/jdk1.8.0_221.jdk/Contents/Home/jre/lib/ext:/Library/Java/Extensions:/Network/Library/Java/Extensions:/System/Library/Java/Extensions:/usr/lib/java"/>
    <property name="sun.io.unicode.encoding" value="UnicodeBig"/>
    <property name="java.class.version" value="52.0"/>
    <property name="socksNonProxyHosts" value="local|*.local|169.254/16|*.169.254/16"/>
  </properties>
  <testcase name="performSearch" classname="com.ui.tests.Login" time="2.784">
    <failure message="Element &lt;input class=&quot;gNO89b&quot; name=&quot;btnK&quot; type=&quot;submit&quot;&gt; could not be scrolled into view&#10;Build info: version: &apos;3.141.59&apos;, revision: &apos;e82be7d358&apos;, time: &apos;2018-11-14T08:17:03&apos;&#10;System info: host: &apos;ndi-mb-064&apos;, ip: &apos;fe80:0:0:0:435:4f17:8507:5985%en0&apos;, os.name: &apos;Mac OS X&apos;, os.arch: &apos;x86_64&apos;, os.version: &apos;10.15.5&apos;, java.version: &apos;1.8.0_221&apos;&#10;Driver info: org.openqa.selenium.firefox.FirefoxDriver&#10;Capabilities {acceptInsecureCerts: true, browserName: firefox, browserVersion: 80.0.1, javascriptEnabled: true, moz:accessibilityChecks: false, moz:buildID: 20200831163820, moz:geckodriverVersion: 0.27.0, moz:headless: false, moz:processID: 4556, moz:profile: /var/folders/s2/7zj8cn4j1vs..., moz:shutdownTimeout: 60000, moz:useNonSpecCompliantPointerOrigin: false, moz:webdriverClick: true, pageLoadStrategy: normal, platform: MAC, platformName: MAC, platformVersion: 19.5.0, rotatable: false, setWindowRect: true, strictFileInteractability: false, timeouts: {implicit: 0, pageLoad: 300000, script: 30000}, unhandledPromptBehavior: dismiss and notify}&#10;Session ID: 6ac08b5c-9103-2241-bbfb-9fb86c2c7a11" type="org.openqa.selenium.ElementNotInteractableException"><![CDATA[org.openqa.selenium.ElementNotInteractableException: 
Element <input class="gNO89b" name="btnK" type="submit"> could not be scrolled into view
Build info: version: '3.141.59', revision: 'e82be7d358', time: '2018-11-14T08:17:03'
System info: host: 'ndi-mb-064', ip: 'fe80:0:0:0:435:4f17:8507:5985%en0', os.name: 'Mac OS X', os.arch: 'x86_64', os.version: '10.15.5', java.version: '1.8.0_221'
Driver info: org.openqa.selenium.firefox.FirefoxDriver
Capabilities {acceptInsecureCerts: true, browserName: firefox, browserVersion: 80.0.1, javascriptEnabled: true, moz:accessibilityChecks: false, moz:buildID: 20200831163820, moz:geckodriverVersion: 0.27.0, moz:headless: false, moz:processID: 4556, moz:profile: /var/folders/s2/7zj8cn4j1vs..., moz:shutdownTimeout: 60000, moz:useNonSpecCompliantPointerOrigin: false, moz:webdriverClick: true, pageLoadStrategy: normal, platform: MAC, platformName: MAC, platformVersion: 19.5.0, rotatable: false, setWindowRect: true, strictFileInteractability: false, timeouts: {implicit: 0, pageLoad: 300000, script: 30000}, unhandledPromptBehavior: dismiss and notify}
Session ID: 6ac08b5c-9103-2241-bbfb-9fb86c2c7a11
	at com.ui.tests.Login.performSearch(Login.java:17)
]]></failure>
    <system-err><![CDATA[1600927312126	geckodriver	INFO	Listening on 127.0.0.1:38715
1600927312348	mozrunner::runner	INFO	Running command: "/Applications/Firefox.app/Contents/MacOS/firefox-bin" "--marionette" "-foreground" "-no-remote" "-profile" "/var/folders/s2/7zj8cn4j1vsghd3fp3qsxvnd48zy51/T/rust_mozprofileLF7hsi"
console.error: SearchCache: "_readCacheFile: Error reading cache file:" (new Error("", "(unknown module)"))
1600927317344	Marionette	INFO	Listening on port 56330
1600927317399	Marionette	WARN	TLS certificate errors will be ignored for this session
Sep 24, 2020 11:31:57 AM org.openqa.selenium.remote.ProtocolHandshake createSession
INFO: Detected dialect: W3C
]]></system-err>
  </testcase>
</testsuite>